<?xml version="1.0" encoding="UTF-8"?>
<coverage generated="1565753953176" clover="3.2.0">
  <project timestamp="1565753953176" name="All files">
    <metrics statements="87" coveredstatements="87" conditionals="37" coveredconditionals="32" methods="50" coveredmethods="50" elements="174" coveredelements="169" complexity="0" loc="87" ncloc="87" packages="3" files="7" classes="7"/>
    <package name="src">
      <metrics statements="24" coveredstatements="24" conditionals="18" coveredconditionals="14" methods="14" coveredmethods="14"/>
      <file name="ast.js" path="/home/qxor/WebProjects/gendiff/src/ast.js">
        <metrics statements="17" coveredstatements="17" conditionals="17" coveredconditionals="14" methods="13" coveredmethods="13"/>
        <line num="3" count="1" type="stmt"/>
        <line num="6" count="144" type="cond" truecount="3" falsecount="0"/>
        <line num="8" count="27" type="stmt"/>
        <line num="12" count="117" type="cond" truecount="3" falsecount="0"/>
        <line num="14" count="27" type="stmt"/>
        <line num="18" count="90" type="cond" truecount="3" falsecount="0"/>
        <line num="20" count="27" type="stmt"/>
        <line num="24" count="63" type="cond" truecount="2" falsecount="0"/>
        <line num="25" count="18" type="stmt"/>
        <line num="29" count="45" type="cond" truecount="2" falsecount="0"/>
        <line num="30" count="45" type="stmt"/>
        <line num="34" count="1" type="cond" truecount="0" falsecount="2"/>
        <line num="35" count="36" type="stmt"/>
        <line num="36" count="36" type="stmt"/>
        <line num="37" count="459" type="stmt"/>
        <line num="38" count="144" type="stmt"/>
        <line num="39" count="144" type="stmt"/>
      </file>
      <file name="index.js" path="/home/qxor/WebProjects/gendiff/src/index.js">
        <metrics statements="7" coveredstatements="7" conditionals="1" coveredconditionals="0" methods="1" coveredmethods="1"/>
        <line num="8" count="9" type="stmt"/>
        <line num="9" count="9" type="stmt"/>
        <line num="11" count="9" type="stmt"/>
        <line num="13" count="9" type="stmt"/>
        <line num="14" count="9" type="stmt"/>
        <line num="16" count="9" type="stmt"/>
        <line num="18" count="9" type="stmt"/>
      </file>
    </package>
    <package name="src.formatters">
      <metrics statements="52" coveredstatements="52" conditionals="15" coveredconditionals="14" methods="32" coveredmethods="32"/>
      <file name="index.js" path="/home/qxor/WebProjects/gendiff/src/formatters/index.js">
        <metrics statements="2" coveredstatements="2" conditionals="0" coveredconditionals="0" methods="1" coveredmethods="1"/>
        <line num="4" count="1" type="stmt"/>
        <line num="10" count="9" type="stmt"/>
      </file>
      <file name="plain.js" path="/home/qxor/WebProjects/gendiff/src/formatters/plain.js">
        <metrics statements="27" coveredstatements="27" conditionals="9" coveredconditionals="9" methods="19" coveredmethods="19"/>
        <line num="3" count="1" type="stmt"/>
        <line num="5" count="33" type="cond" truecount="2" falsecount="0"/>
        <line num="6" count="3" type="stmt"/>
        <line num="9" count="30" type="stmt"/>
        <line num="10" count="12" type="stmt"/>
        <line num="13" count="18" type="cond" truecount="2" falsecount="0"/>
        <line num="14" count="6" type="stmt"/>
        <line num="17" count="12" type="stmt"/>
        <line num="18" count="12" type="stmt"/>
        <line num="22" count="39" type="cond" truecount="2" falsecount="0"/>
        <line num="24" count="1" type="stmt"/>
        <line num="25" count="93" type="stmt"/>
        <line num="26" count="33" type="stmt"/>
        <line num="29" count="1" type="stmt"/>
        <line num="30" count="15" type="stmt"/>
        <line num="31" count="6" type="stmt"/>
        <line num="32" count="9" type="stmt"/>
        <line num="33" count="9" type="stmt"/>
        <line num="34" count="9" type="stmt"/>
        <line num="37" count="1" type="cond" truecount="1" falsecount="0"/>
        <line num="38" count="12" type="stmt"/>
        <line num="39" count="48" type="stmt"/>
        <line num="40" count="48" type="stmt"/>
        <line num="42" count="48" type="stmt"/>
        <line num="44" count="48" type="cond" truecount="2" falsecount="0"/>
        <line num="47" count="12" type="stmt"/>
        <line num="50" count="3" type="stmt"/>
      </file>
      <file name="pretty.js" path="/home/qxor/WebProjects/gendiff/src/formatters/pretty.js">
        <metrics statements="23" coveredstatements="23" conditionals="6" coveredconditionals="5" methods="12" coveredmethods="12"/>
        <line num="3" count="1" type="cond" truecount="0" falsecount="1"/>
        <line num="4" count="18" type="stmt"/>
        <line num="5" count="18" type="stmt"/>
        <line num="7" count="18" type="stmt"/>
        <line num="9" count="24" type="stmt"/>
        <line num="11" count="24" type="cond" truecount="2" falsecount="0"/>
        <line num="16" count="18" type="stmt"/>
        <line num="19" count="48" type="cond" truecount="2" falsecount="0"/>
        <line num="20" count="57" type="stmt"/>
        <line num="22" count="1" type="stmt"/>
        <line num="23" count="15" type="stmt"/>
        <line num="24" count="6" type="stmt"/>
        <line num="25" count="9" type="stmt"/>
        <line num="26" count="9" type="stmt"/>
        <line num="27" count="9" type="stmt"/>
        <line num="30" count="1" type="cond" truecount="1" falsecount="0"/>
        <line num="31" count="12" type="stmt"/>
        <line num="33" count="12" type="stmt"/>
        <line num="34" count="48" type="stmt"/>
        <line num="35" count="48" type="stmt"/>
        <line num="36" count="48" type="stmt"/>
        <line num="39" count="12" type="stmt"/>
        <line num="42" count="3" type="stmt"/>
      </file>
    </package>
    <package name="src.parsers">
      <metrics statements="11" coveredstatements="11" conditionals="4" coveredconditionals="4" methods="4" coveredmethods="4"/>
      <file name="index.js" path="/home/qxor/WebProjects/gendiff/src/parsers/index.js">
        <metrics statements="2" coveredstatements="2" conditionals="0" coveredconditionals="0" methods="1" coveredmethods="1"/>
        <line num="4" count="1" type="stmt"/>
        <line num="10" count="18" type="stmt"/>
      </file>
      <file name="ini.js" path="/home/qxor/WebProjects/gendiff/src/parsers/ini.js">
        <metrics statements="9" coveredstatements="9" conditionals="4" coveredconditionals="4" methods="3" coveredmethods="3"/>
        <line num="4" count="6" type="stmt"/>
        <line num="6" count="6" type="stmt"/>
        <line num="7" count="42" type="stmt"/>
        <line num="8" count="99" type="stmt"/>
        <line num="10" count="99" type="cond" truecount="2" falsecount="0"/>
        <line num="11" count="36" type="stmt"/>
        <line num="14" count="63" type="stmt"/>
        <line num="16" count="63" type="cond" truecount="2" falsecount="0"/>
        <line num="22" count="6" type="stmt"/>
      </file>
    </package>
  </project>
</coverage>
