{"/home/qxor/WebProjects/gendiff/src/ast.js": {"path":"/home/qxor/WebProjects/gendiff/src/ast.js","statementMap":{"0":{"start":{"line":3,"column":17},"end":{"line":32,"column":1}},"1":{"start":{"line":6,"column":35},"end":{"line":7,"column":71}},"2":{"start":{"line":8,"column":36},"end":{"line":8,"column":53}},"3":{"start":{"line":12,"column":36},"end":{"line":13,"column":37}},"4":{"start":{"line":14,"column":22},"end":{"line":14,"column":39}},"5":{"start":{"line":18,"column":36},"end":{"line":19,"column":37}},"6":{"start":{"line":20,"column":33},"end":{"line":20,"column":60}},"7":{"start":{"line":24,"column":36},"end":{"line":24,"column":76}},"8":{"start":{"line":25,"column":22},"end":{"line":25,"column":39}},"9":{"start":{"line":29,"column":36},"end":{"line":29,"column":76}},"10":{"start":{"line":30,"column":32},"end":{"line":30,"column":50}},"11":{"start":{"line":34,"column":17},"end":{"line":41,"column":1}},"12":{"start":{"line":35,"column":22},"end":{"line":35,"column":89}},"13":{"start":{"line":36,"column":2},"end":{"line":40,"column":5}},"14":{"start":{"line":37,"column":30},"end":{"line":37,"column":98}},"15":{"start":{"line":37,"column":55},"end":{"line":37,"column":97}},"16":{"start":{"line":38,"column":18},"end":{"line":38,"column":72}},"17":{"start":{"line":39,"column":4},"end":{"line":39,"column":38}}},"fnMap":{"0":{"name":"(anonymous_0)","decl":{"start":{"line":6,"column":11},"end":{"line":6,"column":12}},"loc":{"start":{"line":6,"column":35},"end":{"line":7,"column":71}},"line":6},"1":{"name":"(anonymous_1)","decl":{"start":{"line":8,"column":13},"end":{"line":8,"column":14}},"loc":{"start":{"line":8,"column":36},"end":{"line":8,"column":53}},"line":8},"2":{"name":"(anonymous_2)","decl":{"start":{"line":12,"column":11},"end":{"line":12,"column":12}},"loc":{"start":{"line":12,"column":36},"end":{"line":13,"column":37}},"line":12},"3":{"name":"(anonymous_3)","decl":{"start":{"line":14,"column":13},"end":{"line":14,"column":14}},"loc":{"start":{"line":14,"column":22},"end":{"line":14,"column":39}},"line":14},"4":{"name":"(anonymous_4)","decl":{"start":{"line":18,"column":11},"end":{"line":18,"column":12}},"loc":{"start":{"line":18,"column":36},"end":{"line":19,"column":37}},"line":18},"5":{"name":"(anonymous_5)","decl":{"start":{"line":20,"column":13},"end":{"line":20,"column":14}},"loc":{"start":{"line":20,"column":33},"end":{"line":20,"column":60}},"line":20},"6":{"name":"(anonymous_6)","decl":{"start":{"line":24,"column":11},"end":{"line":24,"column":12}},"loc":{"start":{"line":24,"column":36},"end":{"line":24,"column":76}},"line":24},"7":{"name":"(anonymous_7)","decl":{"start":{"line":25,"column":13},"end":{"line":25,"column":14}},"loc":{"start":{"line":25,"column":22},"end":{"line":25,"column":39}},"line":25},"8":{"name":"(anonymous_8)","decl":{"start":{"line":29,"column":11},"end":{"line":29,"column":12}},"loc":{"start":{"line":29,"column":36},"end":{"line":29,"column":76}},"line":29},"9":{"name":"(anonymous_9)","decl":{"start":{"line":30,"column":13},"end":{"line":30,"column":14}},"loc":{"start":{"line":30,"column":32},"end":{"line":30,"column":50}},"line":30},"10":{"name":"(anonymous_10)","decl":{"start":{"line":34,"column":17},"end":{"line":34,"column":18}},"loc":{"start":{"line":34,"column":58},"end":{"line":41,"column":1}},"line":34},"11":{"name":"(anonymous_11)","decl":{"start":{"line":36,"column":25},"end":{"line":36,"column":26}},"loc":{"start":{"line":36,"column":34},"end":{"line":40,"column":3}},"line":36},"12":{"name":"(anonymous_12)","decl":{"start":{"line":37,"column":47},"end":{"line":37,"column":48}},"loc":{"start":{"line":37,"column":55},"end":{"line":37,"column":97}},"line":37}},"branchMap":{"0":{"loc":{"start":{"line":6,"column":35},"end":{"line":7,"column":71}},"type":"binary-expr","locations":[{"start":{"line":6,"column":36},"end":{"line":6,"column":64}},{"start":{"line":6,"column":68},"end":{"line":6,"column":97}},{"start":{"line":7,"column":9},"end":{"line":7,"column":71}}],"line":6},"1":{"loc":{"start":{"line":7,"column":11},"end":{"line":7,"column":70}},"type":"binary-expr","locations":[{"start":{"line":7,"column":11},"end":{"line":7,"column":38}},{"start":{"line":7,"column":42},"end":{"line":7,"column":70}}],"line":7},"2":{"loc":{"start":{"line":12,"column":36},"end":{"line":13,"column":37}},"type":"binary-expr","locations":[{"start":{"line":12,"column":36},"end":{"line":12,"column":53}},{"start":{"line":12,"column":57},"end":{"line":12,"column":75}},{"start":{"line":13,"column":10},"end":{"line":13,"column":36}}],"line":12},"3":{"loc":{"start":{"line":18,"column":36},"end":{"line":19,"column":37}},"type":"binary-expr","locations":[{"start":{"line":18,"column":36},"end":{"line":18,"column":53}},{"start":{"line":18,"column":57},"end":{"line":18,"column":75}},{"start":{"line":19,"column":10},"end":{"line":19,"column":36}}],"line":18},"4":{"loc":{"start":{"line":24,"column":36},"end":{"line":24,"column":76}},"type":"binary-expr","locations":[{"start":{"line":24,"column":36},"end":{"line":24,"column":53}},{"start":{"line":24,"column":57},"end":{"line":24,"column":76}}],"line":24},"5":{"loc":{"start":{"line":29,"column":36},"end":{"line":29,"column":76}},"type":"binary-expr","locations":[{"start":{"line":29,"column":36},"end":{"line":29,"column":54}},{"start":{"line":29,"column":58},"end":{"line":29,"column":76}}],"line":29},"6":{"loc":{"start":{"line":34,"column":18},"end":{"line":34,"column":34}},"type":"default-arg","locations":[{"start":{"line":34,"column":32},"end":{"line":34,"column":34}}],"line":34},"7":{"loc":{"start":{"line":34,"column":36},"end":{"line":34,"column":53}},"type":"default-arg","locations":[{"start":{"line":34,"column":51},"end":{"line":34,"column":53}}],"line":34}},"s":{"0":1,"1":144,"2":27,"3":117,"4":27,"5":90,"6":27,"7":63,"8":18,"9":45,"10":45,"11":1,"12":36,"13":36,"14":144,"15":459,"16":144,"17":144},"f":{"0":144,"1":27,"2":117,"3":27,"4":90,"5":27,"6":63,"7":18,"8":45,"9":45,"10":36,"11":144,"12":459},"b":{"0":[144,45,27],"1":[27,0],"2":[117,72,54],"3":[90,45,27],"4":[63,18],"5":[45,45],"6":[0],"7":[0]},"_coverageSchema":"43e27e138ebf9cfc5966b082cf9a028302ed4184","hash":"acc0a95e9ca4bb55c799e702ce25b928d6335520"}
,"/home/qxor/WebProjects/gendiff/src/index.js": {"path":"/home/qxor/WebProjects/gendiff/src/index.js","statementMap":{"0":{"start":{"line":8,"column":24},"end":{"line":8,"column":62}},"1":{"start":{"line":9,"column":23},"end":{"line":9,"column":62}},"2":{"start":{"line":11,"column":24},"end":{"line":11,"column":60}},"3":{"start":{"line":13,"column":20},"end":{"line":13,"column":55}},"4":{"start":{"line":14,"column":19},"end":{"line":14,"column":53}},"5":{"start":{"line":16,"column":15},"end":{"line":16,"column":45}},"6":{"start":{"line":18,"column":2},"end":{"line":18,"column":35}}},"fnMap":{"0":{"name":"(anonymous_0)","decl":{"start":{"line":7,"column":15},"end":{"line":7,"column":16}},"loc":{"start":{"line":7,"column":72},"end":{"line":19,"column":1}},"line":7}},"branchMap":{"0":{"loc":{"start":{"line":7,"column":47},"end":{"line":7,"column":67}},"type":"default-arg","locations":[{"start":{"line":7,"column":59},"end":{"line":7,"column":67}}],"line":7}},"s":{"0":9,"1":9,"2":9,"3":9,"4":9,"5":9,"6":9},"f":{"0":9},"b":{"0":[0]},"_coverageSchema":"43e27e138ebf9cfc5966b082cf9a028302ed4184","hash":"896e827b3308baca59b09491bcef9d7d4632e9ea"}
,"/home/qxor/WebProjects/gendiff/src/formatters/index.js": {"path":"/home/qxor/WebProjects/gendiff/src/formatters/index.js","statementMap":{"0":{"start":{"line":4,"column":19},"end":{"line":8,"column":1}},"1":{"start":{"line":10,"column":33},"end":{"line":10,"column":57}}},"fnMap":{"0":{"name":"(anonymous_0)","decl":{"start":{"line":10,"column":15},"end":{"line":10,"column":16}},"loc":{"start":{"line":10,"column":33},"end":{"line":10,"column":57}},"line":10}},"branchMap":{},"s":{"0":1,"1":9},"f":{"0":9},"b":{},"_coverageSchema":"43e27e138ebf9cfc5966b082cf9a028302ed4184","hash":"1a644dc8b8e370febc26a98fad49328ca717cd05"}
,"/home/qxor/WebProjects/gendiff/src/formatters/plain.js": {"path":"/home/qxor/WebProjects/gendiff/src/formatters/plain.js","statementMap":{"0":{"start":{"line":3,"column":21},"end":{"line":20,"column":1}},"1":{"start":{"line":5,"column":20},"end":{"line":5,"column":68}},"2":{"start":{"line":6,"column":21},"end":{"line":6,"column":33}},"3":{"start":{"line":9,"column":20},"end":{"line":9,"column":45}},"4":{"start":{"line":10,"column":21},"end":{"line":10,"column":33}},"5":{"start":{"line":13,"column":20},"end":{"line":13,"column":74}},"6":{"start":{"line":14,"column":21},"end":{"line":14,"column":31}},"7":{"start":{"line":17,"column":20},"end":{"line":17,"column":45}},"8":{"start":{"line":18,"column":18},"end":{"line":18,"column":35}},"9":{"start":{"line":22,"column":19},"end":{"line":22,"column":74}},"10":{"start":{"line":22,"column":38},"end":{"line":22,"column":73}},"11":{"start":{"line":24,"column":20},"end":{"line":27,"column":1}},"12":{"start":{"line":25,"column":21},"end":{"line":25,"column":68}},"13":{"start":{"line":25,"column":50},"end":{"line":25,"column":67}},"14":{"start":{"line":26,"column":2},"end":{"line":26,"column":23}},"15":{"start":{"line":29,"column":21},"end":{"line":35,"column":1}},"16":{"start":{"line":30,"column":34},"end":{"line":30,"column":118}},"17":{"start":{"line":31,"column":29},"end":{"line":31,"column":81}},"18":{"start":{"line":32,"column":36},"end":{"line":32,"column":149}},"19":{"start":{"line":33,"column":19},"end":{"line":33,"column":23}},"20":{"start":{"line":34,"column":39},"end":{"line":34,"column":74}},"21":{"start":{"line":37,"column":20},"end":{"line":48,"column":1}},"22":{"start":{"line":38,"column":17},"end":{"line":45,"column":8}},"23":{"start":{"line":39,"column":34},"end":{"line":39,"column":38}},"24":{"start":{"line":40,"column":19},"end":{"line":40,"column":37}},"25":{"start":{"line":42,"column":21},"end":{"line":42,"column":61}},"26":{"start":{"line":44,"column":4},"end":{"line":44,"column":47}},"27":{"start":{"line":47,"column":2},"end":{"line":47,"column":27}},"28":{"start":{"line":50,"column":22},"end":{"line":50,"column":38}}},"fnMap":{"0":{"name":"(anonymous_0)","decl":{"start":{"line":5,"column":11},"end":{"line":5,"column":12}},"loc":{"start":{"line":5,"column":20},"end":{"line":5,"column":68}},"line":5},"1":{"name":"(anonymous_1)","decl":{"start":{"line":6,"column":12},"end":{"line":6,"column":13}},"loc":{"start":{"line":6,"column":21},"end":{"line":6,"column":33}},"line":6},"2":{"name":"(anonymous_2)","decl":{"start":{"line":9,"column":11},"end":{"line":9,"column":12}},"loc":{"start":{"line":9,"column":20},"end":{"line":9,"column":45}},"line":9},"3":{"name":"(anonymous_3)","decl":{"start":{"line":10,"column":12},"end":{"line":10,"column":13}},"loc":{"start":{"line":10,"column":21},"end":{"line":10,"column":33}},"line":10},"4":{"name":"(anonymous_4)","decl":{"start":{"line":13,"column":11},"end":{"line":13,"column":12}},"loc":{"start":{"line":13,"column":20},"end":{"line":13,"column":74}},"line":13},"5":{"name":"(anonymous_5)","decl":{"start":{"line":14,"column":12},"end":{"line":14,"column":13}},"loc":{"start":{"line":14,"column":21},"end":{"line":14,"column":31}},"line":14},"6":{"name":"(anonymous_6)","decl":{"start":{"line":17,"column":11},"end":{"line":17,"column":12}},"loc":{"start":{"line":17,"column":20},"end":{"line":17,"column":45}},"line":17},"7":{"name":"(anonymous_7)","decl":{"start":{"line":18,"column":12},"end":{"line":18,"column":13}},"loc":{"start":{"line":18,"column":18},"end":{"line":18,"column":35}},"line":18},"8":{"name":"(anonymous_8)","decl":{"start":{"line":22,"column":19},"end":{"line":22,"column":20}},"loc":{"start":{"line":22,"column":38},"end":{"line":22,"column":73}},"line":22},"9":{"name":"(anonymous_9)","decl":{"start":{"line":24,"column":20},"end":{"line":24,"column":21}},"loc":{"start":{"line":24,"column":31},"end":{"line":27,"column":1}},"line":24},"10":{"name":"(anonymous_10)","decl":{"start":{"line":25,"column":42},"end":{"line":25,"column":43}},"loc":{"start":{"line":25,"column":50},"end":{"line":25,"column":67}},"line":25},"11":{"name":"(anonymous_11)","decl":{"start":{"line":30,"column":9},"end":{"line":30,"column":10}},"loc":{"start":{"line":30,"column":34},"end":{"line":30,"column":118}},"line":30},"12":{"name":"(anonymous_12)","decl":{"start":{"line":31,"column":11},"end":{"line":31,"column":12}},"loc":{"start":{"line":31,"column":29},"end":{"line":31,"column":81}},"line":31},"13":{"name":"(anonymous_13)","decl":{"start":{"line":32,"column":11},"end":{"line":32,"column":12}},"loc":{"start":{"line":32,"column":36},"end":{"line":32,"column":149}},"line":32},"14":{"name":"(anonymous_14)","decl":{"start":{"line":33,"column":13},"end":{"line":33,"column":14}},"loc":{"start":{"line":33,"column":19},"end":{"line":33,"column":23}},"line":33},"15":{"name":"(anonymous_15)","decl":{"start":{"line":34,"column":10},"end":{"line":34,"column":11}},"loc":{"start":{"line":34,"column":39},"end":{"line":34,"column":74}},"line":34},"16":{"name":"(anonymous_16)","decl":{"start":{"line":37,"column":20},"end":{"line":37,"column":21}},"loc":{"start":{"line":37,"column":42},"end":{"line":48,"column":1}},"line":37},"17":{"name":"(anonymous_17)","decl":{"start":{"line":38,"column":28},"end":{"line":38,"column":29}},"loc":{"start":{"line":38,"column":43},"end":{"line":45,"column":3}},"line":38},"18":{"name":"(anonymous_18)","decl":{"start":{"line":50,"column":15},"end":{"line":50,"column":16}},"loc":{"start":{"line":50,"column":22},"end":{"line":50,"column":38}},"line":50}},"branchMap":{"0":{"loc":{"start":{"line":5,"column":20},"end":{"line":5,"column":68}},"type":"binary-expr","locations":[{"start":{"line":5,"column":20},"end":{"line":5,"column":45}},{"start":{"line":5,"column":49},"end":{"line":5,"column":68}}],"line":5},"1":{"loc":{"start":{"line":13,"column":20},"end":{"line":13,"column":74}},"type":"binary-expr","locations":[{"start":{"line":13,"column":20},"end":{"line":13,"column":45}},{"start":{"line":13,"column":49},"end":{"line":13,"column":74}}],"line":13},"2":{"loc":{"start":{"line":22,"column":38},"end":{"line":22,"column":73}},"type":"cond-expr","locations":[{"start":{"line":22,"column":47},"end":{"line":22,"column":66}},{"start":{"line":22,"column":69},"end":{"line":22,"column":73}}],"line":22},"3":{"loc":{"start":{"line":37,"column":26},"end":{"line":37,"column":37}},"type":"default-arg","locations":[{"start":{"line":37,"column":35},"end":{"line":37,"column":37}}],"line":37},"4":{"loc":{"start":{"line":44,"column":11},"end":{"line":44,"column":46}},"type":"cond-expr","locations":[{"start":{"line":44,"column":22},"end":{"line":44,"column":40}},{"start":{"line":44,"column":43},"end":{"line":44,"column":46}}],"line":44}},"s":{"0":1,"1":33,"2":3,"3":30,"4":12,"5":18,"6":6,"7":12,"8":12,"9":1,"10":39,"11":1,"12":33,"13":93,"14":33,"15":1,"16":15,"17":6,"18":9,"19":9,"20":9,"21":1,"22":12,"23":48,"24":48,"25":48,"26":48,"27":12,"28":3},"f":{"0":33,"1":3,"2":30,"3":12,"4":18,"5":6,"6":12,"7":12,"8":39,"9":33,"10":93,"11":15,"12":6,"13":9,"14":9,"15":9,"16":12,"17":48,"18":3},"b":{"0":[33,15],"1":[18,18],"2":[27,12],"3":[3],"4":[39,9]},"_coverageSchema":"43e27e138ebf9cfc5966b082cf9a028302ed4184","hash":"149644cc174089a014e30234c3b404edbb438d3d"}
,"/home/qxor/WebProjects/gendiff/src/formatters/pretty.js": {"path":"/home/qxor/WebProjects/gendiff/src/formatters/pretty.js","statementMap":{"0":{"start":{"line":3,"column":24},"end":{"line":17,"column":1}},"1":{"start":{"line":4,"column":14},"end":{"line":4,"column":32}},"2":{"start":{"line":5,"column":19},"end":{"line":5,"column":41}},"3":{"start":{"line":7,"column":17},"end":{"line":14,"column":10}},"4":{"start":{"line":9,"column":20},"end":{"line":9,"column":28}},"5":{"start":{"line":11,"column":6},"end":{"line":13,"column":45}},"6":{"start":{"line":16,"column":2},"end":{"line":16,"column":61}},"7":{"start":{"line":19,"column":20},"end":{"line":19,"column":111}},"8":{"start":{"line":19,"column":40},"end":{"line":19,"column":110}},"9":{"start":{"line":20,"column":18},"end":{"line":20,"column":46}},"10":{"start":{"line":20,"column":28},"end":{"line":20,"column":46}},"11":{"start":{"line":22,"column":21},"end":{"line":28,"column":1}},"12":{"start":{"line":23,"column":34},"end":{"line":23,"column":96}},"13":{"start":{"line":24,"column":36},"end":{"line":24,"column":98}},"14":{"start":{"line":25,"column":36},"end":{"line":25,"column":172}},"15":{"start":{"line":26,"column":38},"end":{"line":26,"column":100}},"16":{"start":{"line":27,"column":39},"end":{"line":27,"column":96}},"17":{"start":{"line":30,"column":21},"end":{"line":40,"column":1}},"18":{"start":{"line":31,"column":19},"end":{"line":31,"column":41}},"19":{"start":{"line":33,"column":17},"end":{"line":37,"column":8}},"20":{"start":{"line":34,"column":34},"end":{"line":34,"column":38}},"21":{"start":{"line":35,"column":19},"end":{"line":35,"column":37}},"22":{"start":{"line":36,"column":4},"end":{"line":36,"column":63}},"23":{"start":{"line":39,"column":2},"end":{"line":39,"column":65}},"24":{"start":{"line":42,"column":22},"end":{"line":42,"column":39}}},"fnMap":{"0":{"name":"(anonymous_0)","decl":{"start":{"line":3,"column":24},"end":{"line":3,"column":25}},"loc":{"start":{"line":3,"column":45},"end":{"line":17,"column":1}},"line":3},"1":{"name":"(anonymous_1)","decl":{"start":{"line":8,"column":12},"end":{"line":8,"column":13}},"loc":{"start":{"line":8,"column":26},"end":{"line":14,"column":5}},"line":8},"2":{"name":"(anonymous_2)","decl":{"start":{"line":19,"column":20},"end":{"line":19,"column":21}},"loc":{"start":{"line":19,"column":40},"end":{"line":19,"column":110}},"line":19},"3":{"name":"(anonymous_3)","decl":{"start":{"line":20,"column":18},"end":{"line":20,"column":19}},"loc":{"start":{"line":20,"column":28},"end":{"line":20,"column":46}},"line":20},"4":{"name":"(anonymous_4)","decl":{"start":{"line":23,"column":9},"end":{"line":23,"column":10}},"loc":{"start":{"line":23,"column":34},"end":{"line":23,"column":96}},"line":23},"5":{"name":"(anonymous_5)","decl":{"start":{"line":24,"column":11},"end":{"line":24,"column":12}},"loc":{"start":{"line":24,"column":36},"end":{"line":24,"column":98}},"line":24},"6":{"name":"(anonymous_6)","decl":{"start":{"line":25,"column":11},"end":{"line":25,"column":12}},"loc":{"start":{"line":25,"column":36},"end":{"line":25,"column":172}},"line":25},"7":{"name":"(anonymous_7)","decl":{"start":{"line":26,"column":13},"end":{"line":26,"column":14}},"loc":{"start":{"line":26,"column":38},"end":{"line":26,"column":100}},"line":26},"8":{"name":"(anonymous_8)","decl":{"start":{"line":27,"column":10},"end":{"line":27,"column":11}},"loc":{"start":{"line":27,"column":39},"end":{"line":27,"column":96}},"line":27},"9":{"name":"(anonymous_9)","decl":{"start":{"line":30,"column":21},"end":{"line":30,"column":22}},"loc":{"start":{"line":30,"column":42},"end":{"line":40,"column":1}},"line":30},"10":{"name":"(anonymous_10)","decl":{"start":{"line":33,"column":28},"end":{"line":33,"column":29}},"loc":{"start":{"line":33,"column":43},"end":{"line":37,"column":3}},"line":33},"11":{"name":"(anonymous_11)","decl":{"start":{"line":42,"column":15},"end":{"line":42,"column":16}},"loc":{"start":{"line":42,"column":22},"end":{"line":42,"column":39}},"line":42}},"branchMap":{"0":{"loc":{"start":{"line":3,"column":30},"end":{"line":3,"column":40}},"type":"default-arg","locations":[{"start":{"line":3,"column":39},"end":{"line":3,"column":40}}],"line":3},"1":{"loc":{"start":{"line":11,"column":13},"end":{"line":13,"column":44}},"type":"cond-expr","locations":[{"start":{"line":12,"column":10},"end":{"line":12,"column":73}},{"start":{"line":13,"column":10},"end":{"line":13,"column":44}}],"line":11},"2":{"loc":{"start":{"line":19,"column":40},"end":{"line":19,"column":110}},"type":"cond-expr","locations":[{"start":{"line":19,"column":68},"end":{"line":19,"column":102}},{"start":{"line":19,"column":105},"end":{"line":19,"column":110}}],"line":19},"3":{"loc":{"start":{"line":30,"column":27},"end":{"line":30,"column":37}},"type":"default-arg","locations":[{"start":{"line":30,"column":36},"end":{"line":30,"column":37}}],"line":30}},"s":{"0":1,"1":18,"2":18,"3":18,"4":24,"5":24,"6":18,"7":1,"8":48,"9":1,"10":57,"11":1,"12":15,"13":6,"14":9,"15":9,"16":9,"17":1,"18":12,"19":12,"20":48,"21":48,"22":48,"23":12,"24":3},"f":{"0":18,"1":24,"2":48,"3":57,"4":15,"5":6,"6":9,"7":9,"8":9,"9":12,"10":48,"11":3},"b":{"0":[0],"1":[3,21],"2":[15,33],"3":[3]},"_coverageSchema":"43e27e138ebf9cfc5966b082cf9a028302ed4184","hash":"e675bdf71c05ba29e970647d312e5c638fe3f95c"}
,"/home/qxor/WebProjects/gendiff/src/parsers/index.js": {"path":"/home/qxor/WebProjects/gendiff/src/parsers/index.js","statementMap":{"0":{"start":{"line":4,"column":16},"end":{"line":8,"column":1}},"1":{"start":{"line":10,"column":31},"end":{"line":10,"column":50}}},"fnMap":{"0":{"name":"(anonymous_0)","decl":{"start":{"line":10,"column":15},"end":{"line":10,"column":16}},"loc":{"start":{"line":10,"column":31},"end":{"line":10,"column":50}},"line":10}},"branchMap":{},"s":{"0":1,"1":18},"f":{"0":18},"b":{},"_coverageSchema":"43e27e138ebf9cfc5966b082cf9a028302ed4184","hash":"8551c55f8735843194c5b6f1e23c7535472a7797"}
,"/home/qxor/WebProjects/gendiff/src/parsers/ini.js": {"path":"/home/qxor/WebProjects/gendiff/src/parsers/ini.js","statementMap":{"0":{"start":{"line":4,"column":20},"end":{"line":4,"column":44}},"1":{"start":{"line":6,"column":15},"end":{"line":20,"column":3}},"2":{"start":{"line":7,"column":4},"end":{"line":19,"column":10}},"3":{"start":{"line":8,"column":20},"end":{"line":8,"column":28}},"4":{"start":{"line":10,"column":6},"end":{"line":12,"column":7}},"5":{"start":{"line":11,"column":8},"end":{"line":11,"column":46}},"6":{"start":{"line":14,"column":23},"end":{"line":14,"column":42}},"7":{"start":{"line":16,"column":6},"end":{"line":18,"column":38}},"8":{"start":{"line":22,"column":2},"end":{"line":22,"column":25}}},"fnMap":{"0":{"name":"(anonymous_0)","decl":{"start":{"line":3,"column":15},"end":{"line":3,"column":16}},"loc":{"start":{"line":3,"column":34},"end":{"line":23,"column":1}},"line":3},"1":{"name":"(anonymous_1)","decl":{"start":{"line":6,"column":15},"end":{"line":6,"column":16}},"loc":{"start":{"line":7,"column":4},"end":{"line":19,"column":10}},"line":7},"2":{"name":"(anonymous_2)","decl":{"start":{"line":7,"column":28},"end":{"line":7,"column":29}},"loc":{"start":{"line":7,"column":42},"end":{"line":19,"column":5}},"line":7}},"branchMap":{"0":{"loc":{"start":{"line":10,"column":6},"end":{"line":12,"column":7}},"type":"if","locations":[{"start":{"line":10,"column":6},"end":{"line":12,"column":7}},{"start":{"line":10,"column":6},"end":{"line":12,"column":7}}],"line":10},"1":{"loc":{"start":{"line":16,"column":13},"end":{"line":18,"column":37}},"type":"cond-expr","locations":[{"start":{"line":17,"column":10},"end":{"line":17,"column":34}},{"start":{"line":18,"column":10},"end":{"line":18,"column":37}}],"line":16}},"s":{"0":6,"1":6,"2":42,"3":99,"4":99,"5":36,"6":63,"7":63,"8":6},"f":{"0":6,"1":42,"2":99},"b":{"0":[36,63],"1":[54,9]},"_coverageSchema":"43e27e138ebf9cfc5966b082cf9a028302ed4184","hash":"524ea6e868c02889ba882c6931103b3b177f74e3"}
}
