TN:
SF:/home/qxor/WebProjects/gendiff/src/ast.js
FN:6,(anonymous_0)
FN:8,(anonymous_1)
FN:12,(anonymous_2)
FN:14,(anonymous_3)
FN:18,(anonymous_4)
FN:20,(anonymous_5)
FN:24,(anonymous_6)
FN:25,(anonymous_7)
FN:29,(anonymous_8)
FN:30,(anonymous_9)
FN:34,(anonymous_10)
FN:36,(anonymous_11)
FN:37,(anonymous_12)
FNF:13
FNH:13
FNDA:144,(anonymous_0)
FNDA:27,(anonymous_1)
FNDA:117,(anonymous_2)
FNDA:27,(anonymous_3)
FNDA:90,(anonymous_4)
FNDA:27,(anonymous_5)
FNDA:63,(anonymous_6)
FNDA:18,(anonymous_7)
FNDA:45,(anonymous_8)
FNDA:45,(anonymous_9)
FNDA:36,(anonymous_10)
FNDA:144,(anonymous_11)
FNDA:459,(anonymous_12)
DA:3,1
DA:6,144
DA:8,27
DA:12,117
DA:14,27
DA:18,90
DA:20,27
DA:24,63
DA:25,18
DA:29,45
DA:30,45
DA:34,1
DA:35,36
DA:36,36
DA:37,459
DA:38,144
DA:39,144
LF:17
LH:17
BRDA:6,0,0,144
BRDA:6,0,1,45
BRDA:6,0,2,27
BRDA:7,1,0,27
BRDA:7,1,1,0
BRDA:12,2,0,117
BRDA:12,2,1,72
BRDA:12,2,2,54
BRDA:18,3,0,90
BRDA:18,3,1,45
BRDA:18,3,2,27
BRDA:24,4,0,63
BRDA:24,4,1,18
BRDA:29,5,0,45
BRDA:29,5,1,45
BRDA:34,6,0,0
BRDA:34,7,0,0
BRF:17
BRH:14
end_of_record
TN:
SF:/home/qxor/WebProjects/gendiff/src/index.js
FN:7,(anonymous_0)
FNF:1
FNH:1
FNDA:9,(anonymous_0)
DA:8,9
DA:9,9
DA:11,9
DA:13,9
DA:14,9
DA:16,9
DA:18,9
LF:7
LH:7
BRDA:7,0,0,0
BRF:1
BRH:0
end_of_record
TN:
SF:/home/qxor/WebProjects/gendiff/src/formatters/index.js
FN:10,(anonymous_0)
FNF:1
FNH:1
FNDA:9,(anonymous_0)
DA:4,1
DA:10,9
LF:2
LH:2
BRF:0
BRH:0
end_of_record
TN:
SF:/home/qxor/WebProjects/gendiff/src/formatters/plain.js
FN:5,(anonymous_0)
FN:6,(anonymous_1)
FN:9,(anonymous_2)
FN:10,(anonymous_3)
FN:13,(anonymous_4)
FN:14,(anonymous_5)
FN:17,(anonymous_6)
FN:18,(anonymous_7)
FN:22,(anonymous_8)
FN:24,(anonymous_9)
FN:25,(anonymous_10)
FN:30,(anonymous_11)
FN:31,(anonymous_12)
FN:32,(anonymous_13)
FN:33,(anonymous_14)
FN:34,(anonymous_15)
FN:37,(anonymous_16)
FN:38,(anonymous_17)
FN:50,(anonymous_18)
FNF:19
FNH:19
FNDA:33,(anonymous_0)
FNDA:3,(anonymous_1)
FNDA:30,(anonymous_2)
FNDA:12,(anonymous_3)
FNDA:18,(anonymous_4)
FNDA:6,(anonymous_5)
FNDA:12,(anonymous_6)
FNDA:12,(anonymous_7)
FNDA:39,(anonymous_8)
FNDA:33,(anonymous_9)
FNDA:93,(anonymous_10)
FNDA:15,(anonymous_11)
FNDA:6,(anonymous_12)
FNDA:9,(anonymous_13)
FNDA:9,(anonymous_14)
FNDA:9,(anonymous_15)
FNDA:12,(anonymous_16)
FNDA:48,(anonymous_17)
FNDA:3,(anonymous_18)
DA:3,1
DA:5,33
DA:6,3
DA:9,30
DA:10,12
DA:13,18
DA:14,6
DA:17,12
DA:18,12
DA:22,39
DA:24,1
DA:25,93
DA:26,33
DA:29,1
DA:30,15
DA:31,6
DA:32,9
DA:33,9
DA:34,9
DA:37,1
DA:38,12
DA:39,48
DA:40,48
DA:42,48
DA:44,48
DA:47,12
DA:50,3
LF:27
LH:27
BRDA:5,0,0,33
BRDA:5,0,1,15
BRDA:13,1,0,18
BRDA:13,1,1,18
BRDA:22,2,0,27
BRDA:22,2,1,12
BRDA:37,3,0,3
BRDA:44,4,0,39
BRDA:44,4,1,9
BRF:9
BRH:9
end_of_record
TN:
SF:/home/qxor/WebProjects/gendiff/src/formatters/pretty.js
FN:3,(anonymous_0)
FN:8,(anonymous_1)
FN:19,(anonymous_2)
FN:20,(anonymous_3)
FN:23,(anonymous_4)
FN:24,(anonymous_5)
FN:25,(anonymous_6)
FN:26,(anonymous_7)
FN:27,(anonymous_8)
FN:30,(anonymous_9)
FN:33,(anonymous_10)
FN:42,(anonymous_11)
FNF:12
FNH:12
FNDA:18,(anonymous_0)
FNDA:24,(anonymous_1)
FNDA:48,(anonymous_2)
FNDA:57,(anonymous_3)
FNDA:15,(anonymous_4)
FNDA:6,(anonymous_5)
FNDA:9,(anonymous_6)
FNDA:9,(anonymous_7)
FNDA:9,(anonymous_8)
FNDA:12,(anonymous_9)
FNDA:48,(anonymous_10)
FNDA:3,(anonymous_11)
DA:3,1
DA:4,18
DA:5,18
DA:7,18
DA:9,24
DA:11,24
DA:16,18
DA:19,48
DA:20,57
DA:22,1
DA:23,15
DA:24,6
DA:25,9
DA:26,9
DA:27,9
DA:30,1
DA:31,12
DA:33,12
DA:34,48
DA:35,48
DA:36,48
DA:39,12
DA:42,3
LF:23
LH:23
BRDA:3,0,0,0
BRDA:11,1,0,3
BRDA:11,1,1,21
BRDA:19,2,0,15
BRDA:19,2,1,33
BRDA:30,3,0,3
BRF:6
BRH:5
end_of_record
TN:
SF:/home/qxor/WebProjects/gendiff/src/parsers/index.js
FN:10,(anonymous_0)
FNF:1
FNH:1
FNDA:18,(anonymous_0)
DA:4,1
DA:10,18
LF:2
LH:2
BRF:0
BRH:0
end_of_record
TN:
SF:/home/qxor/WebProjects/gendiff/src/parsers/ini.js
FN:3,(anonymous_0)
FN:6,(anonymous_1)
FN:7,(anonymous_2)
FNF:3
FNH:3
FNDA:6,(anonymous_0)
FNDA:42,(anonymous_1)
FNDA:99,(anonymous_2)
DA:4,6
DA:6,6
DA:7,42
DA:8,99
DA:10,99
DA:11,36
DA:14,63
DA:16,63
DA:22,6
LF:9
LH:9
BRDA:10,0,0,36
BRDA:10,0,1,63
BRDA:16,1,0,54
BRDA:16,1,1,9
BRF:4
BRH:4
end_of_record
